<?xml version="1.0" encoding="utf-8"?>
<coverage line-rate="0.7804000000000001" branch-rate="0.6496999999999999" version="1.9" timestamp="1598968030" lines-covered="1312" lines-valid="1681" branches-covered="256" branches-valid="394">
  <sources>
    <source>/Users/olivier.gaca/go/src/github.com/DataDog/dogstatsd-csharp-client/src/StatsdClient/</source>
  </sources>
  <packages>
    <package name="StatsdClient" line-rate="0.7804000000000001" branch-rate="0.6496999999999999" complexity="579">
      <classes>
        <class name="Mono.Unix.UnixEndPoint" filename="UnixEndPoint.cs" line-rate="0.3389" branch-rate="0.2857" complexity="19">
          <methods>
            <method name="get_Filename" signature="()" line-rate="1" branch-rate="1" complexity="1">
              <lines>
                <line number="61" hits="3" branch="False" />
                <line number="62" hits="3" branch="False" />
                <line number="63" hits="3" branch="False" />
              </lines>
            </method>
            <method name="set_Filename" signature="(System.String)" line-rate="0" branch-rate="1" complexity="1">
              <lines>
                <line number="66" hits="0" branch="False" />
                <line number="67" hits="0" branch="False" />
                <line number="68" hits="0" branch="False" />
              </lines>
            </method>
            <method name="get_AddressFamily" signature="()" line-rate="1" branch-rate="1" complexity="1">
              <lines>
                <line number="73" hits="3867" branch="False" />
              </lines>
            </method>
            <method name="Create" signature="(System.Net.SocketAddress)" line-rate="0" branch-rate="0" complexity="6">
              <lines>
                <line number="77" hits="0" branch="False" />
                <line number="89" hits="0" branch="True" condition-coverage="0% (0/2)">
                  <conditions>
                    <condition number="12" type="jump" coverage="0%" />
                  </conditions>
                </line>
                <line number="90" hits="0" branch="False" />
                <line number="93" hits="0" branch="False" />
                <line number="94" hits="0" branch="False" />
                <line number="95" hits="0" branch="False" />
                <line number="98" hits="0" branch="False" />
                <line number="99" hits="0" branch="False" />
                <line number="100" hits="0" branch="True" condition-coverage="0% (0/2)">
                  <conditions>
                    <condition number="118" type="jump" coverage="0%" />
                  </conditions>
                </line>
                <line number="101" hits="0" branch="False" />
                <line number="102" hits="0" branch="False" />
                <line number="104" hits="0" branch="True" condition-coverage="0% (0/2)">
                  <conditions>
                    <condition number="92" type="jump" coverage="0%" />
                  </conditions>
                </line>
                <line number="105" hits="0" branch="False" />
                <line number="106" hits="0" branch="False" />
                <line number="107" hits="0" branch="False" />
                <line number="109" hits="0" branch="False" />
                <line number="111" hits="0" branch="False" />
                <line number="112" hits="0" branch="False" />
                <line number="113" hits="0" branch="False" />
              </lines>
            </method>
            <method name="Serialize" signature="()" line-rate="1" branch-rate="1" complexity="2">
              <lines>
                <line number="116" hits="1289" branch="False" />
                <line number="117" hits="1289" branch="False" />
                <line number="118" hits="1289" branch="False" />
                <line number="120" hits="159836" branch="True" condition-coverage="100% (2/2)">
                  <conditions>
                    <condition number="68" type="jump" coverage="100%" />
                  </conditions>
                </line>
                <line number="121" hits="78629" branch="False" />
                <line number="122" hits="78629" branch="False" />
                <line number="123" hits="78629" branch="False" />
                <line number="126" hits="1289" branch="False" />
                <line number="128" hits="1289" branch="False" />
                <line number="129" hits="1289" branch="False" />
              </lines>
            </method>
            <method name="ToString" signature="()" line-rate="0" branch-rate="1" complexity="1">
              <lines>
                <line number="132" hits="0" branch="False" />
                <line number="133" hits="0" branch="False" />
                <line number="134" hits="0" branch="False" />
              </lines>
            </method>
            <method name="GetHashCode" signature="()" line-rate="0" branch-rate="1" complexity="1">
              <lines>
                <line number="137" hits="0" branch="False" />
                <line number="138" hits="0" branch="False" />
                <line number="139" hits="0" branch="False" />
              </lines>
            </method>
            <method name="Equals" signature="(System.Object)" line-rate="0" branch-rate="0" complexity="2">
              <lines>
                <line number="142" hits="0" branch="False" />
                <line number="143" hits="0" branch="False" />
                <line number="144" hits="0" branch="True" condition-coverage="0% (0/2)">
                  <conditions>
                    <condition number="14" type="jump" coverage="0%" />
                  </conditions>
                </line>
                <line number="145" hits="0" branch="False" />
                <line number="146" hits="0" branch="False" />
                <line number="149" hits="0" branch="False" />
                <line number="150" hits="0" branch="False" />
              </lines>
            </method>
            <method name=".ctor" signature="(System.String)" line-rate="0.6" branch-rate="0.5" complexity="4">
              <lines>
                <line number="43" hits="17" branch="False" />
                <line number="44" hits="17" branch="False" />
                <line number="45" hits="17" branch="True" condition-coverage="50% (1/2)">
                  <conditions>
                    <condition number="14" type="jump" coverage="50%" />
                  </conditions>
                </line>
                <line number="46" hits="0" branch="False" />
                <line number="47" hits="0" branch="False" />
                <line number="50" hits="17" branch="True" condition-coverage="50% (1/2)">
                  <conditions>
                    <condition number="41" type="jump" coverage="50%" />
                  </conditions>
                </line>
                <line number="51" hits="0" branch="False" />
                <line number="52" hits="0" branch="False" />
                <line number="55" hits="17" branch="False" />
                <line number="56" hits="17" branch="False" />
              </lines>
            </method>
          </methods>
          <lines>
            <line number="61" hits="3" branch="False" />
            <line number="62" hits="3" branch="False" />
            <line number="63" hits="3" branch="False" />
            <line number="66" hits="0" branch="False" />
            <line number="67" hits="0" branch="False" />
            <line number="68" hits="0" branch="False" />
            <line number="73" hits="3867" branch="False" />
            <line number="77" hits="0" branch="False" />
            <line number="89" hits="0" branch="True" condition-coverage="0% (0/2)">
              <conditions>
                <condition number="12" type="jump" coverage="0%" />
              </conditions>
            </line>
            <line number="90" hits="0" branch="False" />
            <line number="93" hits="0" branch="False" />
            <line number="94" hits="0" branch="False" />
            <line number="95" hits="0" branch="False" />
            <line number="98" hits="0" branch="False" />
            <line number="99" hits="0" branch="False" />
            <line number="100" hits="0" branch="True" condition-coverage="0% (0/2)">
              <conditions>
                <condition number="118" type="jump" coverage="0%" />
              </conditions>
            </line>
            <line number="101" hits="0" branch="False" />
            <line number="102" hits="0" branch="False" />
            <line number="104" hits="0" branch="True" condition-coverage="0% (0/2)">
              <conditions>
                <condition number="92" type="jump" coverage="0%" />
              </conditions>
            </line>
            <line number="105" hits="0" branch="False" />
            <line number="106" hits="0" branch="False" />
            <line number="107" hits="0" branch="False" />
            <line number="109" hits="0" branch="False" />
            <line number="111" hits="0" branch="False" />
            <line number="112" hits="0" branch="False" />
            <line number="113" hits="0" branch="False" />
            <line number="116" hits="1289" branch="False" />
            <line number="117" hits="1289" branch="False" />
            <line number="118" hits="1289" branch="False" />
            <line number="120" hits="159836" branch="True" condition-coverage="100% (2/2)">
              <conditions>
                <condition number="68" type="jump" coverage="100%" />
              </conditions>
            </line>
            <line number="121" hits="78629" branch="False" />
            <line number="122" hits="78629" branch="False" />
            <line number="123" hits="78629" branch="False" />
            <line number="126" hits="1289" branch="False" />
            <line number="128" hits="1289" branch="False" />
            <line number="129" hits="1289" branch="False" />
            <line number="132" hits="0" branch="False" />
            <line number="133" hits="0" branch="False" />
            <line number="134" hits="0" branch="False" />
            <line number="137" hits="0" branch="False" />
            <line number="138" hits="0" branch="False" />
            <line number="139" hits="0" branch="False" />
            <line number="142" hits="0" branch="False" />
            <line number="143" hits="0" branch="False" />
            <line number="144" hits="0" branch="True" condition-coverage="0% (0/2)">
              <conditions>
                <condition number="14" type="jump" coverage="0%" />
              </conditions>
            </line>
            <line number="145" hits="0" branch="False" />
            <line number="146" hits="0" branch="False" />
            <line number="149" hits="0" branch="False" />
            <line number="150" hits="0" branch="False" />
            <line number="43" hits="17" branch="False" />
            <line number="44" hits="17" branch="False" />
            <line number="45" hits="17" branch="True" condition-coverage="50% (1/2)">
              <conditions>
                <condition number="14" type="jump" coverage="50%" />
              </conditions>
            </line>
            <line number="46" hits="0" branch="False" />
            <line number="47" hits="0" branch="False" />
            <line number="50" hits="17" branch="True" condition-coverage="50% (1/2)">
              <conditions>
                <condition number="41" type="jump" coverage="50%" />
              </conditions>
            </line>
            <line number="51" hits="0" branch="False" />
            <line number="52" hits="0" branch="False" />
            <line number="55" hits="17" branch="False" />
            <line number="56" hits="17" branch="False" />
          </lines>
        </class>
        <class name="StatsdClient.AdvancedStatsConfig" filename="AdvancedStatsConfig.cs" line-rate="1" branch-rate="1" complexity="7">
          <methods>
            <method name="get_MaxMetricsInAsyncQueue" signature="()" line-rate="1" branch-rate="1" complexity="1">
              <lines>
                <line number="25" hits="144" branch="False" />
              </lines>
            </method>
            <method name="get_MaxBlockDuration" signature="()" line-rate="1" branch-rate="1" complexity="1">
              <lines>
                <line number="36" hits="98" branch="False" />
              </lines>
            </method>
            <method name="get_DurationBeforeSendingNotFullBuffer" signature="()" line-rate="1" branch-rate="1" complexity="1">
              <lines>
                <line number="42" hits="95" branch="False" />
              </lines>
            </method>
            <method name="get_UDSBufferFullBlockDuration" signature="()" line-rate="1" branch-rate="1" complexity="1">
              <lines>
                <line number="49" hits="58" branch="False" />
              </lines>
            </method>
            <method name="get_TelemetryFlushInterval" signature="()" line-rate="1" branch-rate="1" complexity="1">
              <lines>
                <line number="55" hits="112" branch="False" />
              </lines>
            </method>
            <method name="get_OptionalTelemetryEndPoint" signature="()" line-rate="1" branch-rate="1" complexity="1">
              <lines>
                <line number="60" hits="81" branch="False" />
              </lines>
            </method>
            <method name=".ctor" signature="()" line-rate="1" branch-rate="1" complexity="1">
              <lines>
                <line number="13" hits="47" branch="False" />
                <line number="14" hits="47" branch="False" />
                <line number="15" hits="47" branch="False" />
                <line number="16" hits="47" branch="False" />
              </lines>
            </method>
          </methods>
          <lines>
            <line number="25" hits="144" branch="False" />
            <line number="36" hits="98" branch="False" />
            <line number="42" hits="95" branch="False" />
            <line number="49" hits="58" branch="False" />
            <line number="55" hits="112" branch="False" />
            <line number="60" hits="81" branch="False" />
            <line number="13" hits="47" branch="False" />
            <line number="14" hits="47" branch="False" />
            <line number="15" hits="47" branch="False" />
            <line number="16" hits="47" branch="False" />
          </lines>
        </class>
        <class name="StatsdClient.DogStatsd" filename="Dogstatsd.cs" line-rate="0.21420000000000003" branch-rate="1" complexity="17">
          <methods>
            <method name="get_TelemetryCounters" signature="()" line-rate="0" branch-rate="1" complexity="1">
              <lines>
                <line number="46" hits="0" branch="False" />
              </lines>
            </method>
            <method name="Configure" signature="(StatsdClient.StatsdConfig)" line-rate="1" branch-rate="1" complexity="1">
              <lines>
                <line number="53" hits="1" branch="False" />
              </lines>
            </method>
            <method name="Event" signature="(System.String,System.String,System.String,System.String,System.String,System.Nullable`1&lt;System.Int32&gt;,System.String,System.String,System.String[])" line-rate="0" branch-rate="1" complexity="1">
              <lines>
                <line number="78" hits="0" branch="False" />
                <line number="79" hits="0" branch="False" />
                <line number="80" hits="0" branch="False" />
                <line number="81" hits="0" branch="False" />
                <line number="82" hits="0" branch="False" />
                <line number="83" hits="0" branch="False" />
                <line number="84" hits="0" branch="False" />
                <line number="85" hits="0" branch="False" />
                <line number="86" hits="0" branch="False" />
                <line number="87" hits="0" branch="False" />
              </lines>
            </method>
            <method name="Counter" signature="(System.String,T,System.Double,System.String[])" line-rate="0" branch-rate="1" complexity="1">
              <lines>
                <line number="98" hits="0" branch="False" />
              </lines>
            </method>
            <method name="Increment" signature="(System.String,System.Int32,System.Double,System.String[])" line-rate="0" branch-rate="1" complexity="1">
              <lines>
                <line number="108" hits="0" branch="False" />
              </lines>
            </method>
            <method name="Decrement" signature="(System.String,System.Int32,System.Double,System.String[])" line-rate="0" branch-rate="1" complexity="1">
              <lines>
                <line number="118" hits="0" branch="False" />
              </lines>
            </method>
            <method name="Gauge" signature="(System.String,T,System.Double,System.String[])" line-rate="0" branch-rate="1" complexity="1">
              <lines>
                <line number="129" hits="0" branch="False" />
              </lines>
            </method>
            <method name="Histogram" signature="(System.String,T,System.Double,System.String[])" line-rate="0" branch-rate="1" complexity="1">
              <lines>
                <line number="140" hits="0" branch="False" />
              </lines>
            </method>
            <method name="Distribution" signature="(System.String,T,System.Double,System.String[])" line-rate="1" branch-rate="1" complexity="1">
              <lines>
                <line number="151" hits="1" branch="False" />
              </lines>
            </method>
            <method name="Set" signature="(System.String,T,System.Double,System.String[])" line-rate="0" branch-rate="1" complexity="1">
              <lines>
                <line number="162" hits="0" branch="False" />
              </lines>
            </method>
            <method name="Timer" signature="(System.String,T,System.Double,System.String[])" line-rate="0" branch-rate="1" complexity="1">
              <lines>
                <line number="173" hits="0" branch="False" />
              </lines>
            </method>
            <method name="StartTimer" signature="(System.String,System.Double,System.String[])" line-rate="0" branch-rate="1" complexity="1">
              <lines>
                <line number="183" hits="0" branch="False" />
              </lines>
            </method>
            <method name="Time" signature="(System.Action,System.String,System.Double,System.String[])" line-rate="0" branch-rate="1" complexity="1">
              <lines>
                <line number="193" hits="0" branch="False" />
              </lines>
            </method>
            <method name="Time" signature="(System.Func`1&lt;T&gt;,System.String,System.Double,System.String[])" line-rate="0" branch-rate="1" complexity="1">
              <lines>
                <line number="205" hits="0" branch="False" />
              </lines>
            </method>
            <method name="ServiceCheck" signature="(System.String,StatsdClient.Status,System.Nullable`1&lt;System.Int32&gt;,System.String,System.String[],System.String)" line-rate="0" branch-rate="1" complexity="1">
              <lines>
                <line number="223" hits="0" branch="False" />
              </lines>
            </method>
            <method name="Dispose" signature="()" line-rate="1" branch-rate="1" complexity="1">
              <lines>
                <line number="230" hits="1" branch="False" />
                <line number="231" hits="1" branch="False" />
                <line number="232" hits="1" branch="False" />
              </lines>
            </method>
            <method name=".cctor" signature="()" line-rate="1" branch-rate="1" complexity="1">
              <lines>
                <line number="40" hits="1" branch="False" />
              </lines>
            </method>
          </methods>
          <lines>
            <line number="46" hits="0" branch="False" />
            <line number="53" hits="1" branch="False" />
            <line number="78" hits="0" branch="False" />
            <line number="79" hits="0" branch="False" />
            <line number="80" hits="0" branch="False" />
            <line number="81" hits="0" branch="False" />
            <line number="82" hits="0" branch="False" />
            <line number="83" hits="0" branch="False" />
            <line number="84" hits="0" branch="False" />
            <line number="85" hits="0" branch="False" />
            <line number="86" hits="0" branch="False" />
            <line number="87" hits="0" branch="False" />
            <line number="98" hits="0" branch="False" />
            <line number="108" hits="0" branch="False" />
            <line number="118" hits="0" branch="False" />
            <line number="129" hits="0" branch="False" />
            <line number="140" hits="0" branch="False" />
            <line number="151" hits="1" branch="False" />
            <line number="162" hits="0" branch="False" />
            <line number="173" hits="0" branch="False" />
            <line number="183" hits="0" branch="False" />
            <line number="193" hits="0" branch="False" />
            <line number="205" hits="0" branch="False" />
            <line number="223" hits="0" branch="False" />
            <line number="230" hits="1" branch="False" />
            <line number="231" hits="1" branch="False" />
            <line number="232" hits="1" branch="False" />
            <line number="40" hits="1" branch="False" />
          </lines>
        </class>
        <class name="StatsdClient.DogStatsdEndPoint" filename="DogStatsdEndPoint.cs" line-rate="1" branch-rate="0.6666" complexity="9">
          <methods>
            <method name="get_ServerName" signature="()" line-rate="1" branch-rate="1" complexity="1">
              <lines>
                <line number="11" hits="127" branch="False" />
              </lines>
            </method>
            <method name="get_Port" signature="()" line-rate="1" branch-rate="1" complexity="1">
              <lines>
                <line number="16" hits="79" branch="False" />
              </lines>
            </method>
            <method name="get_PipeName" signature="()" line-rate="1" branch-rate="1" complexity="1">
              <lines>
                <line number="21" hits="48" branch="False" />
              </lines>
            </method>
            <method name="AreEquals" signature="(StatsdClient.DogStatsdEndPoint)" line-rate="1" branch-rate="0.6666" complexity="6">
              <lines>
                <line number="29" hits="1" branch="False" />
                <line number="30" hits="1" branch="True" condition-coverage="66.66% (4/6)">
                  <conditions>
                    <condition number="2" type="jump" coverage="100%" />
                    <condition number="21" type="jump" coverage="50%" />
                    <condition number="35" type="jump" coverage="50%" />
                  </conditions>
                </line>
                <line number="31" hits="1" branch="False" />
                <line number="32" hits="1" branch="False" />
                <line number="33" hits="1" branch="False" />
                <line number="34" hits="1" branch="False" />
              </lines>
            </method>
          </methods>
          <lines>
            <line number="11" hits="127" branch="False" />
            <line number="16" hits="79" branch="False" />
            <line number="21" hits="48" branch="False" />
            <line number="29" hits="1" branch="False" />
            <line number="30" hits="1" branch="True" condition-coverage="66.66% (4/6)">
              <conditions>
                <condition number="2" type="jump" coverage="100%" />
                <condition number="21" type="jump" coverage="50%" />
                <condition number="35" type="jump" coverage="50%" />
              </conditions>
            </line>
            <line number="31" hits="1" branch="False" />
            <line number="32" hits="1" branch="False" />
            <line number="33" hits="1" branch="False" />
            <line number="34" hits="1" branch="False" />
          </lines>
        </class>
        <class name="StatsdClient.DogStatsdService" filename="DogStatsdService.cs" line-rate="0.9" branch-rate="0.5882000000000001" complexity="36">
          <methods>
            <method name="get_TelemetryCounters" signature="()" line-rate="1" branch-rate="0.5" complexity="2">
              <lines>
                <line number="21" hits="8" branch="True" condition-coverage="50% (1/2)">
                  <conditions>
                    <condition number="7" type="jump" coverage="50%" />
                  </conditions>
                </line>
              </lines>
            </method>
            <method name="Configure" signature="(StatsdClient.StatsdConfig)" line-rate="0.8571" branch-rate="0.8332999999999999" complexity="6">
              <lines>
                <line number="29" hits="32" branch="False" />
                <line number="30" hits="32" branch="True" condition-coverage="50% (1/2)">
                  <conditions>
                    <condition number="12" type="jump" coverage="50%" />
                  </conditions>
                </line>
                <line number="31" hits="0" branch="False" />
                <line number="32" hits="0" branch="False" />
                <line number="35" hits="32" branch="True" condition-coverage="100% (2/2)">
                  <conditions>
                    <condition number="32" type="jump" coverage="100%" />
                  </conditions>
                </line>
                <line number="36" hits="1" branch="False" />
                <line number="37" hits="1" branch="False" />
                <line number="40" hits="31" branch="True" condition-coverage="100% (2/2)">
                  <conditions>
                    <condition number="57" type="jump" coverage="100%" />
                  </conditions>
                </line>
                <line number="41" hits="1" branch="False" />
                <line number="42" hits="1" branch="False" />
                <line number="45" hits="30" branch="False" />
                <line number="46" hits="30" branch="False" />
                <line number="47" hits="29" branch="False" />
                <line number="48" hits="29" branch="False" />
              </lines>
            </method>
            <method name="Event" signature="(System.String,System.String,System.String,System.String,System.String,System.Nullable`1&lt;System.Int32&gt;,System.String,System.String,System.String[])" line-rate="1" branch-rate="0.5" complexity="2">
              <lines>
                <line number="63" hits="4" branch="False" />
                <line number="64" hits="4" branch="True" condition-coverage="50% (1/2)">
                  <conditions>
                    <condition number="8" type="jump" coverage="50%" />
                  </conditions>
                </line>
                <line number="65" hits="4" branch="False" />
              </lines>
            </method>
            <method name="Counter" signature="(System.String,T,System.Double,System.String[])" line-rate="1" branch-rate="0.5" complexity="2">
              <lines>
                <line number="76" hits="6" branch="False" />
                <line number="77" hits="6" branch="True" condition-coverage="50% (1/2)">
                  <conditions>
                    <condition number="8" type="jump" coverage="50%" />
                  </conditions>
                </line>
                <line number="78" hits="6" branch="False" />
              </lines>
            </method>
            <method name="Increment" signature="(System.String,System.Int32,System.Double,System.String[])" line-rate="1" branch-rate="0.5" complexity="2">
              <lines>
                <line number="88" hits="115121" branch="False" />
                <line number="89" hits="115121" branch="True" condition-coverage="50% (1/2)">
                  <conditions>
                    <condition number="8" type="jump" coverage="50%" />
                  </conditions>
                </line>
                <line number="90" hits="115121" branch="False" />
              </lines>
            </method>
            <method name="Decrement" signature="(System.String,System.Int32,System.Double,System.String[])" line-rate="1" branch-rate="0.5" complexity="2">
              <lines>
                <line number="100" hits="5" branch="False" />
                <line number="101" hits="5" branch="True" condition-coverage="50% (1/2)">
                  <conditions>
                    <condition number="8" type="jump" coverage="50%" />
                  </conditions>
                </line>
                <line number="102" hits="5" branch="False" />
              </lines>
            </method>
            <method name="Gauge" signature="(System.String,T,System.Double,System.String[])" line-rate="1" branch-rate="0.5" complexity="2">
              <lines>
                <line number="113" hits="21" branch="False" />
                <line number="114" hits="21" branch="True" condition-coverage="50% (1/2)">
                  <conditions>
                    <condition number="8" type="jump" coverage="50%" />
                  </conditions>
                </line>
                <line number="115" hits="21" branch="False" />
              </lines>
            </method>
            <method name="Histogram" signature="(System.String,T,System.Double,System.String[])" line-rate="1" branch-rate="0.5" complexity="2">
              <lines>
                <line number="126" hits="8" branch="False" />
                <line number="127" hits="8" branch="True" condition-coverage="50% (1/2)">
                  <conditions>
                    <condition number="8" type="jump" coverage="50%" />
                  </conditions>
                </line>
                <line number="128" hits="8" branch="False" />
              </lines>
            </method>
            <method name="Distribution" signature="(System.String,T,System.Double,System.String[])" line-rate="1" branch-rate="0.5" complexity="2">
              <lines>
                <line number="139" hits="9" branch="False" />
                <line number="140" hits="9" branch="True" condition-coverage="50% (1/2)">
                  <conditions>
                    <condition number="8" type="jump" coverage="50%" />
                  </conditions>
                </line>
                <line number="141" hits="9" branch="False" />
              </lines>
            </method>
            <method name="Set" signature="(System.String,T,System.Double,System.String[])" line-rate="1" branch-rate="0.5" complexity="2">
              <lines>
                <line number="152" hits="12" branch="False" />
                <line number="153" hits="12" branch="True" condition-coverage="50% (1/2)">
                  <conditions>
                    <condition number="8" type="jump" coverage="50%" />
                  </conditions>
                </line>
                <line number="154" hits="12" branch="False" />
              </lines>
            </method>
            <method name="Timer" signature="(System.String,T,System.Double,System.String[])" line-rate="1" branch-rate="0.5" complexity="2">
              <lines>
                <line number="165" hits="19" branch="False" />
                <line number="166" hits="19" branch="True" condition-coverage="50% (1/2)">
                  <conditions>
                    <condition number="8" type="jump" coverage="50%" />
                  </conditions>
                </line>
                <line number="167" hits="19" branch="False" />
              </lines>
            </method>
            <method name="StartTimer" signature="(System.String,System.Double,System.String[])" line-rate="1" branch-rate="1" complexity="1">
              <lines>
                <line number="177" hits="11" branch="False" />
                <line number="178" hits="11" branch="False" />
                <line number="179" hits="11" branch="False" />
              </lines>
            </method>
            <method name="Time" signature="(System.Action,System.String,System.Double,System.String[])" line-rate="0.6666" branch-rate="0.5" complexity="2">
              <lines>
                <line number="189" hits="4" branch="False" />
                <line number="190" hits="4" branch="True" condition-coverage="50% (1/2)">
                  <conditions>
                    <condition number="12" type="jump" coverage="50%" />
                  </conditions>
                </line>
                <line number="191" hits="0" branch="False" />
                <line number="192" hits="0" branch="False" />
                <line number="193" hits="0" branch="False" />
                <line number="195" hits="4" branch="False" />
                <line number="196" hits="4" branch="False" />
                <line number="197" hits="4" branch="False" />
                <line number="198" hits="4" branch="False" />
              </lines>
            </method>
            <method name="Time" signature="(System.Func`1&lt;T&gt;,System.String,System.Double,System.String[])" line-rate="0.75" branch-rate="0.5" complexity="2">
              <lines>
                <line number="210" hits="5" branch="False" />
                <line number="211" hits="5" branch="True" condition-coverage="50% (1/2)">
                  <conditions>
                    <condition number="12" type="jump" coverage="50%" />
                  </conditions>
                </line>
                <line number="212" hits="0" branch="False" />
                <line number="213" hits="0" branch="False" />
                <line number="216" hits="5" branch="False" />
                <line number="217" hits="5" branch="False" />
                <line number="218" hits="5" branch="False" />
                <line number="220" hits="4" branch="False" />
              </lines>
            </method>
            <method name="ServiceCheck" signature="(System.String,StatsdClient.Status,System.Nullable`1&lt;System.Int32&gt;,System.String,System.String[],System.String)" line-rate="1" branch-rate="0.5" complexity="2">
              <lines>
                <line number="232" hits="3" branch="False" />
                <line number="233" hits="3" branch="True" condition-coverage="50% (1/2)">
                  <conditions>
                    <condition number="8" type="jump" coverage="50%" />
                  </conditions>
                </line>
                <line number="234" hits="3" branch="False" />
              </lines>
            </method>
            <method name="Dispose" signature="()" line-rate="1" branch-rate="1" complexity="2">
              <lines>
                <line number="241" hits="45" branch="False" />
                <line number="242" hits="45" branch="True" condition-coverage="100% (2/2)">
                  <conditions>
                    <condition number="8" type="jump" coverage="100%" />
                  </conditions>
                </line>
                <line number="243" hits="45" branch="False" />
                <line number="244" hits="45" branch="False" />
              </lines>
            </method>
            <method name=".ctor" signature="()" line-rate="1" branch-rate="1" complexity="1">
              <lines>
                <line number="12" hits="31" branch="False" />
              </lines>
            </method>
          </methods>
          <lines>
            <line number="21" hits="8" branch="True" condition-coverage="50% (1/2)">
              <conditions>
                <condition number="7" type="jump" coverage="50%" />
              </conditions>
            </line>
            <line number="29" hits="32" branch="False" />
            <line number="30" hits="32" branch="True" condition-coverage="50% (1/2)">
              <conditions>
                <condition number="12" type="jump" coverage="50%" />
              </conditions>
            </line>
            <line number="31" hits="0" branch="False" />
            <line number="32" hits="0" branch="False" />
            <line number="35" hits="32" branch="True" condition-coverage="100% (2/2)">
              <conditions>
                <condition number="32" type="jump" coverage="100%" />
              </conditions>
            </line>
            <line number="36" hits="1" branch="False" />
            <line number="37" hits="1" branch="False" />
            <line number="40" hits="31" branch="True" condition-coverage="100% (2/2)">
              <conditions>
                <condition number="57" type="jump" coverage="100%" />
              </conditions>
            </line>
            <line number="41" hits="1" branch="False" />
            <line number="42" hits="1" branch="False" />
            <line number="45" hits="30" branch="False" />
            <line number="46" hits="30" branch="False" />
            <line number="47" hits="29" branch="False" />
            <line number="48" hits="29" branch="False" />
            <line number="63" hits="4" branch="False" />
            <line number="64" hits="4" branch="True" condition-coverage="50% (1/2)">
              <conditions>
                <condition number="8" type="jump" coverage="50%" />
              </conditions>
            </line>
            <line number="65" hits="4" branch="False" />
            <line number="76" hits="6" branch="False" />
            <line number="77" hits="6" branch="True" condition-coverage="50% (1/2)">
              <conditions>
                <condition number="8" type="jump" coverage="50%" />
              </conditions>
            </line>
            <line number="78" hits="6" branch="False" />
            <line number="88" hits="115121" branch="False" />
            <line number="89" hits="115121" branch="True" condition-coverage="50% (1/2)">
              <conditions>
                <condition number="8" type="jump" coverage="50%" />
              </conditions>
            </line>
            <line number="90" hits="115121" branch="False" />
            <line number="100" hits="5" branch="False" />
            <line number="101" hits="5" branch="True" condition-coverage="50% (1/2)">
              <conditions>
                <condition number="8" type="jump" coverage="50%" />
              </conditions>
            </line>
            <line number="102" hits="5" branch="False" />
            <line number="113" hits="21" branch="False" />
            <line number="114" hits="21" branch="True" condition-coverage="50% (1/2)">
              <conditions>
                <condition number="8" type="jump" coverage="50%" />
              </conditions>
            </line>
            <line number="115" hits="21" branch="False" />
            <line number="126" hits="8" branch="False" />
            <line number="127" hits="8" branch="True" condition-coverage="50% (1/2)">
              <conditions>
                <condition number="8" type="jump" coverage="50%" />
              </conditions>
            </line>
            <line number="128" hits="8" branch="False" />
            <line number="139" hits="9" branch="False" />
            <line number="140" hits="9" branch="True" condition-coverage="50% (1/2)">
              <conditions>
                <condition number="8" type="jump" coverage="50%" />
              </conditions>
            </line>
            <line number="141" hits="9" branch="False" />
            <line number="152" hits="12" branch="False" />
            <line number="153" hits="12" branch="True" condition-coverage="50% (1/2)">
              <conditions>
                <condition number="8" type="jump" coverage="50%" />
              </conditions>
            </line>
            <line number="154" hits="12" branch="False" />
            <line number="165" hits="19" branch="False" />
            <line number="166" hits="19" branch="True" condition-coverage="50% (1/2)">
              <conditions>
                <condition number="8" type="jump" coverage="50%" />
              </conditions>
            </line>
            <line number="167" hits="19" branch="False" />
            <line number="177" hits="11" branch="False" />
            <line number="178" hits="11" branch="False" />
            <line number="179" hits="11" branch="False" />
            <line number="189" hits="4" branch="False" />
            <line number="190" hits="4" branch="True" condition-coverage="50% (1/2)">
              <conditions>
                <condition number="12" type="jump" coverage="50%" />
              </conditions>
            </line>
            <line number="191" hits="0" branch="False" />
            <line number="192" hits="0" branch="False" />
            <line number="193" hits="0" branch="False" />
            <line number="195" hits="4" branch="False" />
            <line number="196" hits="4" branch="False" />
            <line number="197" hits="4" branch="False" />
            <line number="198" hits="4" branch="False" />
            <line number="210" hits="5" branch="False" />
            <line number="211" hits="5" branch="True" condition-coverage="50% (1/2)">
              <conditions>
                <condition number="12" type="jump" coverage="50%" />
              </conditions>
            </line>
            <line number="212" hits="0" branch="False" />
            <line number="213" hits="0" branch="False" />
            <line number="216" hits="5" branch="False" />
            <line number="217" hits="5" branch="False" />
            <line number="218" hits="5" branch="False" />
            <line number="220" hits="4" branch="False" />
            <line number="232" hits="3" branch="False" />
            <line number="233" hits="3" branch="True" condition-coverage="50% (1/2)">
              <conditions>
                <condition number="8" type="jump" coverage="50%" />
              </conditions>
            </line>
            <line number="234" hits="3" branch="False" />
            <line number="241" hits="45" branch="False" />
            <line number="242" hits="45" branch="True" condition-coverage="100% (2/2)">
              <conditions>
                <condition number="8" type="jump" coverage="100%" />
              </conditions>
            </line>
            <line number="243" hits="45" branch="False" />
            <line number="244" hits="45" branch="False" />
            <line number="12" hits="31" branch="False" />
          </lines>
        </class>
        <class name="StatsdClient.MetricsSender" filename="MetricsSender.cs" line-rate="1" branch-rate="0.6666" complexity="20">
          <methods>
            <method name="SendEvent" signature="(System.String,System.String,System.String,System.String,System.String,System.Nullable`1&lt;System.Int32&gt;,System.String,System.String,System.String[],System.Boolean)" line-rate="1" branch-rate="0.5" complexity="2">
              <lines>
                <line number="32" hits="4" branch="False" />
                <line number="33" hits="4" branch="True" condition-coverage="50% (1/2)">
                  <conditions>
                    <condition number="3" type="jump" coverage="50%" />
                  </conditions>
                </line>
                <line number="34" hits="4" branch="False" />
                <line number="35" hits="7" branch="False" />
                <line number="36" hits="4" branch="False" />
              </lines>
            </method>
            <method name="SendServiceCheck" signature="(System.String,System.Int32,System.Nullable`1&lt;System.Int32&gt;,System.String,System.String[],System.String,System.Boolean)" line-rate="1" branch-rate="0.5" complexity="2">
              <lines>
                <line number="39" hits="3" branch="False" />
                <line number="40" hits="3" branch="True" condition-coverage="50% (1/2)">
                  <conditions>
                    <condition number="3" type="jump" coverage="50%" />
                  </conditions>
                </line>
                <line number="41" hits="3" branch="False" />
                <line number="42" hits="6" branch="False" />
                <line number="43" hits="3" branch="False" />
              </lines>
            </method>
            <method name="SendMetric" signature="(StatsdClient.MetricType,System.String,T,System.Double,System.String[])" line-rate="1" branch-rate="1" complexity="2">
              <lines>
                <line number="46" hits="115205" branch="False" />
                <line number="47" hits="115205" branch="True" condition-coverage="100% (2/2)">
                  <conditions>
                    <condition number="16" type="jump" coverage="100%" />
                  </conditions>
                </line>
                <line number="48" hits="115205" branch="False" />
                <line number="49" hits="115205" branch="False" />
                <line number="50" hits="230410" branch="False" />
                <line number="51" hits="115205" branch="False" />
                <line number="52" hits="115205" branch="False" />
              </lines>
            </method>
            <method name="Send" signature="(System.Action,System.String,System.Double,System.String[])" line-rate="1" branch-rate="1" complexity="1">
              <lines>
                <line number="55" hits="4" branch="False" />
                <line number="56" hits="4" branch="False" />
                <line number="59" hits="4" branch="False" />
                <line number="60" hits="4" branch="False" />
                <line number="61" hits="4" branch="False" />
                <line number="62" hits="4" branch="False" />
                <line number="64" hits="4" branch="False" />
                <line number="65" hits="4" branch="False" />
                <line number="66" hits="4" branch="False" />
                <line number="67" hits="4" branch="False" />
                <line number="68" hits="4" branch="False" />
              </lines>
            </method>
            <method name="Send" signature="(StatsdClient.SerializedMetric,System.Action)" line-rate="1" branch-rate="0.8332999999999999" complexity="6">
              <lines>
                <line number="71" hits="115212" branch="False" />
                <line number="72" hits="115212" branch="True" condition-coverage="100% (4/4)">
                  <conditions>
                    <condition number="2" type="jump" coverage="100%" />
                    <condition number="21" type="jump" coverage="100%" />
                  </conditions>
                </line>
                <line number="73" hits="115211" branch="False" />
                <line number="74" hits="115211" branch="False" />
                <line number="75" hits="115211" branch="False" />
                <line number="77" hits="1" branch="False" />
                <line number="78" hits="1" branch="True" condition-coverage="50% (1/2)">
                  <conditions>
                    <condition number="42" type="jump" coverage="50%" />
                  </conditions>
                </line>
                <line number="79" hits="1" branch="False" />
                <line number="80" hits="115212" branch="False" />
              </lines>
            </method>
            <method name=".ctor" signature="(StatsdClient.Bufferize.StatsBufferize,StatsdClient.IRandomGenerator,StatsdClient.IStopWatchFactory,StatsdClient.Serializers,StatsdClient.Telemetry,System.Boolean)" line-rate="1" branch-rate="1" complexity="1">
              <lines>
                <line number="15" hits="45" branch="False" />
                <line number="16" hits="45" branch="False" />
                <line number="17" hits="45" branch="False" />
                <line number="18" hits="45" branch="False" />
                <line number="19" hits="45" branch="False" />
                <line number="20" hits="45" branch="False" />
                <line number="21" hits="45" branch="False" />
                <line number="22" hits="45" branch="False" />
                <line number="23" hits="45" branch="False" />
                <line number="24" hits="45" branch="False" />
                <line number="25" hits="45" branch="False" />
                <line number="26" hits="45" branch="False" />
                <line number="27" hits="45" branch="False" />
                <line number="28" hits="45" branch="False" />
                <line number="29" hits="45" branch="False" />
              </lines>
            </method>
          </methods>
          <lines>
            <line number="32" hits="4" branch="False" />
            <line number="33" hits="4" branch="True" condition-coverage="50% (1/2)">
              <conditions>
                <condition number="3" type="jump" coverage="50%" />
              </conditions>
            </line>
            <line number="34" hits="4" branch="False" />
            <line number="35" hits="7" branch="False" />
            <line number="36" hits="4" branch="False" />
            <line number="39" hits="3" branch="False" />
            <line number="40" hits="3" branch="True" condition-coverage="50% (1/2)">
              <conditions>
                <condition number="3" type="jump" coverage="50%" />
              </conditions>
            </line>
            <line number="41" hits="3" branch="False" />
            <line number="42" hits="6" branch="False" />
            <line number="43" hits="3" branch="False" />
            <line number="46" hits="115205" branch="False" />
            <line number="47" hits="115205" branch="True" condition-coverage="100% (2/2)">
              <conditions>
                <condition number="16" type="jump" coverage="100%" />
              </conditions>
            </line>
            <line number="48" hits="115205" branch="False" />
            <line number="49" hits="115205" branch="False" />
            <line number="50" hits="230410" branch="False" />
            <line number="51" hits="115205" branch="False" />
            <line number="52" hits="115205" branch="False" />
            <line number="55" hits="4" branch="False" />
            <line number="56" hits="4" branch="False" />
            <line number="59" hits="4" branch="False" />
            <line number="60" hits="4" branch="False" />
            <line number="61" hits="4" branch="False" />
            <line number="62" hits="4" branch="False" />
            <line number="64" hits="4" branch="False" />
            <line number="65" hits="4" branch="False" />
            <line number="66" hits="4" branch="False" />
            <line number="67" hits="4" branch="False" />
            <line number="68" hits="4" branch="False" />
            <line number="71" hits="115212" branch="False" />
            <line number="72" hits="115212" branch="True" condition-coverage="100% (4/4)">
              <conditions>
                <condition number="2" type="jump" coverage="100%" />
                <condition number="21" type="jump" coverage="100%" />
              </conditions>
            </line>
            <line number="73" hits="115211" branch="False" />
            <line number="74" hits="115211" branch="False" />
            <line number="75" hits="115211" branch="False" />
            <line number="77" hits="1" branch="False" />
            <line number="78" hits="1" branch="True" condition-coverage="50% (1/2)">
              <conditions>
                <condition number="42" type="jump" coverage="50%" />
              </conditions>
            </line>
            <line number="79" hits="1" branch="False" />
            <line number="80" hits="115212" branch="False" />
            <line number="15" hits="45" branch="False" />
            <line number="16" hits="45" branch="False" />
            <line number="17" hits="45" branch="False" />
            <line number="18" hits="45" branch="False" />
            <line number="19" hits="45" branch="False" />
            <line number="20" hits="45" branch="False" />
            <line number="21" hits="45" branch="False" />
            <line number="22" hits="45" branch="False" />
            <line number="23" hits="45" branch="False" />
            <line number="24" hits="45" branch="False" />
            <line number="25" hits="45" branch="False" />
            <line number="26" hits="45" branch="False" />
            <line number="27" hits="45" branch="False" />
            <line number="28" hits="45" branch="False" />
            <line number="29" hits="45" branch="False" />
          </lines>
        </class>
        <class name="StatsdClient.MetricsTimer" filename="MetricsTimer.cs" line-rate="0.8064" branch-rate="0.8332999999999999" complexity="8">
          <methods>
            <method name="get_Tags" signature="()" line-rate="1" branch-rate="1" complexity="1">
              <lines>
                <line number="37" hits="26" branch="False" />
              </lines>
            </method>
            <method name="Dispose" signature="()" line-rate="0.7857" branch-rate="0.75" complexity="4">
              <lines>
                <line number="40" hits="11" branch="False" />
                <line number="41" hits="11" branch="True" condition-coverage="100% (2/2)">
                  <conditions>
                    <condition number="12" type="jump" coverage="100%" />
                  </conditions>
                </line>
                <line number="42" hits="11" branch="False" />
                <line number="43" hits="11" branch="False" />
                <line number="44" hits="11" branch="False" />
                <line number="46" hits="11" branch="True" condition-coverage="50% (1/2)">
                  <conditions>
                    <condition number="45" type="jump" coverage="50%" />
                  </conditions>
                </line>
                <line number="47" hits="0" branch="False" />
                <line number="48" hits="0" branch="False" />
                <line number="49" hits="0" branch="False" />
                <line number="51" hits="11" branch="False" />
                <line number="52" hits="11" branch="False" />
                <line number="53" hits="11" branch="False" />
                <line number="54" hits="11" branch="False" />
                <line number="55" hits="11" branch="False" />
              </lines>
            </method>
            <method name=".ctor" signature="(System.String,System.Double,System.String[])" line-rate="0" branch-rate="1" complexity="1">
              <lines>
                <line number="19" hits="0" branch="False" />
                <line number="20" hits="0" branch="False" />
                <line number="21" hits="0" branch="False" />
              </lines>
            </method>
            <method name=".ctor" signature="(StatsdClient.DogStatsdService,System.String,System.Double,System.String[])" line-rate="1" branch-rate="1" complexity="2">
              <lines>
                <line number="23" hits="11" branch="False" />
                <line number="24" hits="11" branch="False" />
                <line number="25" hits="11" branch="False" />
                <line number="26" hits="11" branch="False" />
                <line number="27" hits="11" branch="False" />
                <line number="28" hits="11" branch="False" />
                <line number="29" hits="11" branch="False" />
                <line number="30" hits="11" branch="False" />
                <line number="31" hits="11" branch="True" condition-coverage="100% (2/2)">
                  <conditions>
                    <condition number="71" type="jump" coverage="100%" />
                  </conditions>
                </line>
                <line number="32" hits="4" branch="False" />
                <line number="33" hits="4" branch="False" />
                <line number="34" hits="4" branch="False" />
                <line number="35" hits="11" branch="False" />
              </lines>
            </method>
          </methods>
          <lines>
            <line number="37" hits="26" branch="False" />
            <line number="40" hits="11" branch="False" />
            <line number="41" hits="11" branch="True" condition-coverage="100% (2/2)">
              <conditions>
                <condition number="12" type="jump" coverage="100%" />
              </conditions>
            </line>
            <line number="42" hits="11" branch="False" />
            <line number="43" hits="11" branch="False" />
            <line number="44" hits="11" branch="False" />
            <line number="46" hits="11" branch="True" condition-coverage="50% (1/2)">
              <conditions>
                <condition number="45" type="jump" coverage="50%" />
              </conditions>
            </line>
            <line number="47" hits="0" branch="False" />
            <line number="48" hits="0" branch="False" />
            <line number="49" hits="0" branch="False" />
            <line number="51" hits="11" branch="False" />
            <line number="52" hits="11" branch="False" />
            <line number="53" hits="11" branch="False" />
            <line number="54" hits="11" branch="False" />
            <line number="55" hits="11" branch="False" />
            <line number="19" hits="0" branch="False" />
            <line number="20" hits="0" branch="False" />
            <line number="21" hits="0" branch="False" />
            <line number="23" hits="11" branch="False" />
            <line number="24" hits="11" branch="False" />
            <line number="25" hits="11" branch="False" />
            <line number="26" hits="11" branch="False" />
            <line number="27" hits="11" branch="False" />
            <line number="28" hits="11" branch="False" />
            <line number="29" hits="11" branch="False" />
            <line number="30" hits="11" branch="False" />
            <line number="31" hits="11" branch="True" condition-coverage="100% (2/2)">
              <conditions>
                <condition number="71" type="jump" coverage="100%" />
              </conditions>
            </line>
            <line number="32" hits="4" branch="False" />
            <line number="33" hits="4" branch="False" />
            <line number="34" hits="4" branch="False" />
            <line number="35" hits="11" branch="False" />
          </lines>
        </class>
        <class name="StatsdClient.RandomGenerator" filename="RandomGenerator.cs" line-rate="1" branch-rate="1" complexity="2">
          <methods>
            <method name="ShouldSend" signature="(System.Double)" line-rate="1" branch-rate="1" complexity="1">
              <lines>
                <line number="19" hits="119205" branch="False" />
                <line number="20" hits="119205" branch="False" />
                <line number="21" hits="119205" branch="False" />
              </lines>
            </method>
            <method name=".ctor" signature="()" line-rate="1" branch-rate="1" complexity="1">
              <lines>
                <line number="13" hits="54" branch="False" />
                <line number="14" hits="54" branch="False" />
                <line number="15" hits="54" branch="False" />
                <line number="16" hits="54" branch="False" />
              </lines>
            </method>
          </methods>
          <lines>
            <line number="19" hits="119205" branch="False" />
            <line number="20" hits="119205" branch="False" />
            <line number="21" hits="119205" branch="False" />
            <line number="13" hits="54" branch="False" />
            <line number="14" hits="54" branch="False" />
            <line number="15" hits="54" branch="False" />
            <line number="16" hits="54" branch="False" />
          </lines>
        </class>
        <class name="StatsdClient.SerializedMetric" filename="SerializedMetric.cs" line-rate="1" branch-rate="1" complexity="6">
          <methods>
            <method name="get_Builder" signature="()" line-rate="1" branch-rate="1" complexity="1">
              <lines>
                <line number="13" hits="461062" branch="False" />
              </lines>
            </method>
            <method name="CopyToChars" signature="(System.Char[])" line-rate="1" branch-rate="1" complexity="2">
              <lines>
                <line number="16" hits="115220" branch="False" />
                <line number="17" hits="115220" branch="False" />
                <line number="18" hits="115220" branch="True" condition-coverage="100% (2/2)">
                  <conditions>
                    <condition number="21" type="jump" coverage="100%" />
                  </conditions>
                </line>
                <line number="19" hits="1" branch="False" />
                <line number="20" hits="1" branch="False" />
                <line number="23" hits="115219" branch="False" />
                <line number="24" hits="115219" branch="False" />
                <line number="25" hits="115220" branch="False" />
              </lines>
            </method>
            <method name="ToString" signature="()" line-rate="1" branch-rate="1" complexity="1">
              <lines>
                <line number="28" hits="54" branch="False" />
                <line number="29" hits="54" branch="False" />
                <line number="30" hits="54" branch="False" />
              </lines>
            </method>
            <method name="DoReset" signature="()" line-rate="1" branch-rate="1" complexity="1">
              <lines>
                <line number="33" hits="100651" branch="False" />
                <line number="34" hits="100651" branch="False" />
                <line number="35" hits="100651" branch="False" />
              </lines>
            </method>
            <method name=".ctor" signature="(StatsdClient.Utils.Pool`1&lt;StatsdClient.SerializedMetric&gt;)" line-rate="1" branch-rate="1" complexity="1">
              <lines>
                <line number="9" hits="14634" branch="False" />
                <line number="10" hits="14634" branch="False" />
                <line number="11" hits="14634" branch="False" />
              </lines>
            </method>
          </methods>
          <lines>
            <line number="13" hits="461062" branch="False" />
            <line number="16" hits="115220" branch="False" />
            <line number="17" hits="115220" branch="False" />
            <line number="18" hits="115220" branch="True" condition-coverage="100% (2/2)">
              <conditions>
                <condition number="21" type="jump" coverage="100%" />
              </conditions>
            </line>
            <line number="19" hits="1" branch="False" />
            <line number="20" hits="1" branch="False" />
            <line number="23" hits="115219" branch="False" />
            <line number="24" hits="115219" branch="False" />
            <line number="25" hits="115220" branch="False" />
            <line number="28" hits="54" branch="False" />
            <line number="29" hits="54" branch="False" />
            <line number="30" hits="54" branch="False" />
            <line number="33" hits="100651" branch="False" />
            <line number="34" hits="100651" branch="False" />
            <line number="35" hits="100651" branch="False" />
            <line number="9" hits="14634" branch="False" />
            <line number="10" hits="14634" branch="False" />
            <line number="11" hits="14634" branch="False" />
          </lines>
        </class>
        <class name="StatsdClient.EventSerializer" filename="Serializer/EventSerializer.cs" line-rate="1" branch-rate="1" complexity="11">
          <methods>
            <method name="Serialize" signature="(System.String,System.String,System.String,System.String,System.String,System.Nullable`1&lt;System.Int32&gt;,System.String,System.String,System.String[],System.Boolean)" line-rate="1" branch-rate="1" complexity="10">
              <lines>
                <line number="27" hits="19" branch="False" />
                <line number="28" hits="19" branch="False" />
                <line number="29" hits="19" branch="False" />
                <line number="31" hits="19" branch="False" />
                <line number="32" hits="19" branch="True" condition-coverage="100% (2/2)">
                  <conditions>
                    <condition number="35" type="jump" coverage="100%" />
                  </conditions>
                </line>
                <line number="33" hits="1" branch="False" />
                <line number="34" hits="1" branch="False" />
                <line number="37" hits="18" branch="False" />
                <line number="39" hits="18" branch="False" />
                <line number="40" hits="18" branch="False" />
                <line number="41" hits="18" branch="False" />
                <line number="42" hits="18" branch="False" />
                <line number="43" hits="18" branch="False" />
                <line number="44" hits="18" branch="False" />
                <line number="45" hits="18" branch="False" />
                <line number="46" hits="18" branch="False" />
                <line number="48" hits="18" branch="True" condition-coverage="100% (2/2)">
                  <conditions>
                    <condition number="178" type="jump" coverage="100%" />
                  </conditions>
                </line>
                <line number="49" hits="2" branch="False" />
                <line number="50" hits="2" branch="False" />
                <line number="51" hits="2" branch="False" />
                <line number="53" hits="18" branch="False" />
                <line number="54" hits="18" branch="False" />
                <line number="55" hits="18" branch="False" />
                <line number="56" hits="18" branch="False" />
                <line number="57" hits="18" branch="False" />
                <line number="59" hits="18" branch="False" />
                <line number="61" hits="18" branch="True" condition-coverage="100% (2/2)">
                  <conditions>
                    <condition number="312" type="jump" coverage="100%" />
                  </conditions>
                </line>
                <line number="62" hits="4" branch="False" />
                <line number="63" hits="4" branch="True" condition-coverage="100% (2/2)">
                  <conditions>
                    <condition number="321" type="jump" coverage="100%" />
                  </conditions>
                </line>
                <line number="64" hits="3" branch="False" />
                <line number="65" hits="3" branch="False" />
                <line number="66" hits="3" branch="True" condition-coverage="100% (2/2)">
                  <conditions>
                    <condition number="356" type="jump" coverage="100%" />
                  </conditions>
                </line>
                <line number="67" hits="1" branch="False" />
                <line number="68" hits="1" branch="False" />
                <line number="69" hits="1" branch="False" />
                <line number="71" hits="2" branch="False" />
                <line number="72" hits="2" branch="False" />
                <line number="73" hits="2" branch="False" />
                <line number="75" hits="3" branch="False" />
                <line number="78" hits="1" branch="False" />
                <line number="79" hits="1" branch="False" />
                <line number="83" hits="14" branch="False" />
                <line number="84" hits="18" branch="False" />
              </lines>
            </method>
            <method name=".ctor" signature="(StatsdClient.SerializerHelper)" line-rate="1" branch-rate="1" complexity="1">
              <lines>
                <line number="11" hits="57" branch="False" />
                <line number="12" hits="57" branch="False" />
                <line number="13" hits="57" branch="False" />
                <line number="14" hits="57" branch="False" />
              </lines>
            </method>
          </methods>
          <lines>
            <line number="27" hits="19" branch="False" />
            <line number="28" hits="19" branch="False" />
            <line number="29" hits="19" branch="False" />
            <line number="31" hits="19" branch="False" />
            <line number="32" hits="19" branch="True" condition-coverage="100% (2/2)">
              <conditions>
                <condition number="35" type="jump" coverage="100%" />
              </conditions>
            </line>
            <line number="33" hits="1" branch="False" />
            <line number="34" hits="1" branch="False" />
            <line number="37" hits="18" branch="False" />
            <line number="39" hits="18" branch="False" />
            <line number="40" hits="18" branch="False" />
            <line number="41" hits="18" branch="False" />
            <line number="42" hits="18" branch="False" />
            <line number="43" hits="18" branch="False" />
            <line number="44" hits="18" branch="False" />
            <line number="45" hits="18" branch="False" />
            <line number="46" hits="18" branch="False" />
            <line number="48" hits="18" branch="True" condition-coverage="100% (2/2)">
              <conditions>
                <condition number="178" type="jump" coverage="100%" />
              </conditions>
            </line>
            <line number="49" hits="2" branch="False" />
            <line number="50" hits="2" branch="False" />
            <line number="51" hits="2" branch="False" />
            <line number="53" hits="18" branch="False" />
            <line number="54" hits="18" branch="False" />
            <line number="55" hits="18" branch="False" />
            <line number="56" hits="18" branch="False" />
            <line number="57" hits="18" branch="False" />
            <line number="59" hits="18" branch="False" />
            <line number="61" hits="18" branch="True" condition-coverage="100% (2/2)">
              <conditions>
                <condition number="312" type="jump" coverage="100%" />
              </conditions>
            </line>
            <line number="62" hits="4" branch="False" />
            <line number="63" hits="4" branch="True" condition-coverage="100% (2/2)">
              <conditions>
                <condition number="321" type="jump" coverage="100%" />
              </conditions>
            </line>
            <line number="64" hits="3" branch="False" />
            <line number="65" hits="3" branch="False" />
            <line number="66" hits="3" branch="True" condition-coverage="100% (2/2)">
              <conditions>
                <condition number="356" type="jump" coverage="100%" />
              </conditions>
            </line>
            <line number="67" hits="1" branch="False" />
            <line number="68" hits="1" branch="False" />
            <line number="69" hits="1" branch="False" />
            <line number="71" hits="2" branch="False" />
            <line number="72" hits="2" branch="False" />
            <line number="73" hits="2" branch="False" />
            <line number="75" hits="3" branch="False" />
            <line number="78" hits="1" branch="False" />
            <line number="79" hits="1" branch="False" />
            <line number="83" hits="14" branch="False" />
            <line number="84" hits="18" branch="False" />
            <line number="11" hits="57" branch="False" />
            <line number="12" hits="57" branch="False" />
            <line number="13" hits="57" branch="False" />
            <line number="14" hits="57" branch="False" />
          </lines>
        </class>
        <class name="StatsdClient.MetricSerializer" filename="Serializer/MetricSerializer.cs" line-rate="0.9428" branch-rate="0.8332999999999999" complexity="7">
          <methods>
            <method name="Serialize" signature="(StatsdClient.MetricType,System.String,T,System.Double,System.String[])" line-rate="0.9" branch-rate="0.75" complexity="4">
              <lines>
                <line number="34" hits="115238" branch="False" />
                <line number="35" hits="115238" branch="False" />
                <line number="36" hits="115238" branch="True" condition-coverage="50% (1/2)">
                  <conditions>
                    <condition number="19" type="jump" coverage="50%" />
                  </conditions>
                </line>
                <line number="37" hits="0" branch="False" />
                <line number="38" hits="0" branch="False" />
                <line number="41" hits="115238" branch="False" />
                <line number="42" hits="115238" branch="False" />
                <line number="44" hits="115238" branch="False" />
                <line number="45" hits="115238" branch="False" />
                <line number="46" hits="115238" branch="False" />
                <line number="47" hits="115238" branch="False" />
                <line number="48" hits="115238" branch="False" />
                <line number="49" hits="115238" branch="False" />
                <line number="51" hits="115238" branch="True" condition-coverage="100% (2/2)">
                  <conditions>
                    <condition number="139" type="jump" coverage="100%" />
                  </conditions>
                </line>
                <line number="52" hits="49" branch="False" />
                <line number="53" hits="49" branch="False" />
                <line number="54" hits="49" branch="False" />
                <line number="56" hits="115238" branch="False" />
                <line number="57" hits="115238" branch="False" />
                <line number="58" hits="115238" branch="False" />
              </lines>
            </method>
            <method name=".ctor" signature="(StatsdClient.SerializerHelper,System.String)" line-rate="1" branch-rate="1" complexity="2">
              <lines>
                <line number="22" hits="78" branch="False" />
                <line number="23" hits="78" branch="False" />
                <line number="24" hits="78" branch="False" />
                <line number="25" hits="78" branch="True" condition-coverage="100% (2/2)">
                  <conditions>
                    <condition number="22" type="jump" coverage="100%" />
                  </conditions>
                </line>
                <line number="26" hits="78" branch="False" />
              </lines>
            </method>
            <method name=".cctor" signature="()" line-rate="1" branch-rate="1" complexity="1">
              <lines>
                <line number="8" hits="1" branch="False" />
                <line number="9" hits="1" branch="False" />
                <line number="10" hits="1" branch="False" />
                <line number="11" hits="1" branch="False" />
                <line number="12" hits="1" branch="False" />
                <line number="13" hits="1" branch="False" />
                <line number="14" hits="1" branch="False" />
                <line number="15" hits="1" branch="False" />
                <line number="16" hits="1" branch="False" />
                <line number="17" hits="1" branch="False" />
              </lines>
            </method>
          </methods>
          <lines>
            <line number="34" hits="115238" branch="False" />
            <line number="35" hits="115238" branch="False" />
            <line number="36" hits="115238" branch="True" condition-coverage="50% (1/2)">
              <conditions>
                <condition number="19" type="jump" coverage="50%" />
              </conditions>
            </line>
            <line number="37" hits="0" branch="False" />
            <line number="38" hits="0" branch="False" />
            <line number="41" hits="115238" branch="False" />
            <line number="42" hits="115238" branch="False" />
            <line number="44" hits="115238" branch="False" />
            <line number="45" hits="115238" branch="False" />
            <line number="46" hits="115238" branch="False" />
            <line number="47" hits="115238" branch="False" />
            <line number="48" hits="115238" branch="False" />
            <line number="49" hits="115238" branch="False" />
            <line number="51" hits="115238" branch="True" condition-coverage="100% (2/2)">
              <conditions>
                <condition number="139" type="jump" coverage="100%" />
              </conditions>
            </line>
            <line number="52" hits="49" branch="False" />
            <line number="53" hits="49" branch="False" />
            <line number="54" hits="49" branch="False" />
            <line number="56" hits="115238" branch="False" />
            <line number="57" hits="115238" branch="False" />
            <line number="58" hits="115238" branch="False" />
            <line number="22" hits="78" branch="False" />
            <line number="23" hits="78" branch="False" />
            <line number="24" hits="78" branch="False" />
            <line number="25" hits="78" branch="True" condition-coverage="100% (2/2)">
              <conditions>
                <condition number="22" type="jump" coverage="100%" />
              </conditions>
            </line>
            <line number="26" hits="78" branch="False" />
            <line number="8" hits="1" branch="False" />
            <line number="9" hits="1" branch="False" />
            <line number="10" hits="1" branch="False" />
            <line number="11" hits="1" branch="False" />
            <line number="12" hits="1" branch="False" />
            <line number="13" hits="1" branch="False" />
            <line number="14" hits="1" branch="False" />
            <line number="15" hits="1" branch="False" />
            <line number="16" hits="1" branch="False" />
            <line number="17" hits="1" branch="False" />
          </lines>
        </class>
        <class name="StatsdClient.SerializerHelper" filename="Serializer/SerializerHelper.cs" line-rate="1" branch-rate="1" complexity="20">
          <methods>
            <method name="EscapeContent" signature="(System.String)" line-rate="1" branch-rate="1" complexity="1">
              <lines>
                <line number="19" hits="62" branch="False" />
                <line number="20" hits="62" branch="False" />
                <line number="21" hits="62" branch="False" />
                <line number="22" hits="62" branch="False" />
                <line number="23" hits="62" branch="False" />
              </lines>
            </method>
            <method name="TruncateOverage" signature="(System.String,System.Int32)" line-rate="1" branch-rate="1" complexity="1">
              <lines>
                <line number="26" hits="5" branch="False" />
                <line number="27" hits="5" branch="False" />
                <line number="28" hits="5" branch="False" />
              </lines>
            </method>
            <method name="AppendIfNotNull" signature="(System.Text.StringBuilder,System.String,System.String)" line-rate="1" branch-rate="1" complexity="2">
              <lines>
                <line number="31" hits="124" branch="False" />
                <line number="32" hits="124" branch="True" condition-coverage="100% (2/2)">
                  <conditions>
                    <condition number="7" type="jump" coverage="100%" />
                  </conditions>
                </line>
[...]
            <line number="47" hits="1" branch="False" />
            <line number="50" hits="115219" branch="False" />
            <line number="52" hits="115219" branch="True" condition-coverage="50% (1/2)">
              <conditions>
                <condition number="62" type="jump" coverage="50%" />
              </conditions>
            </line>
            <line number="53" hits="0" branch="False" />
            <line number="54" hits="0" branch="False" />
            <line number="57" hits="115219" branch="True" condition-coverage="100% (2/2)">
              <conditions>
                <condition number="85" type="jump" coverage="100%" />
              </conditions>
            </line>
            <line number="58" hits="115110" branch="False" />
            <line number="59" hits="115110" branch="False" />
            <line number="60" hits="115110" branch="False" />
            <line number="62" hits="115219" branch="True" condition-coverage="100% (2/2)">
              <conditions>
                <condition number="120" type="jump" coverage="100%" />
              </conditions>
            </line>
            <line number="63" hits="1513" branch="False" />
            <line number="64" hits="1513" branch="False" />
            <line number="65" hits="1513" branch="False" />
            <line number="67" hits="115219" branch="True" condition-coverage="100% (2/2)">
              <conditions>
                <condition number="144" type="jump" coverage="100%" />
              </conditions>
            </line>
            <line number="68" hits="113597" branch="False" />
            <line number="69" hits="113597" branch="False" />
            <line number="70" hits="113597" branch="False" />
            <line number="71" hits="113597" branch="False" />
            <line number="74" hits="115219" branch="False" />
            <line number="75" hits="115219" branch="False" />
            <line number="76" hits="115220" branch="False" />
            <line number="79" hits="1740" branch="False" />
            <line number="80" hits="1740" branch="True" condition-coverage="100% (2/2)">
              <conditions>
                <condition number="12" type="jump" coverage="100%" />
              </conditions>
            </line>
            <line number="81" hits="1620" branch="False" />
            <line number="82" hits="1620" branch="False" />
            <line number="83" hits="1620" branch="False" />
            <line number="84" hits="1620" branch="False" />
            <line number="85" hits="1740" branch="False" />
            <line number="17" hits="49" branch="False" />
            <line number="18" hits="49" branch="False" />
            <line number="19" hits="49" branch="False" />
            <line number="20" hits="49" branch="False" />
            <line number="21" hits="49" branch="False" />
            <line number="22" hits="49" branch="False" />
            <line number="23" hits="49" branch="False" />
            <line number="24" hits="49" branch="False" />
            <line number="25" hits="49" branch="False" />
            <line number="26" hits="49" branch="True" condition-coverage="50% (1/2)">
              <conditions>
                <condition number="79" type="jump" coverage="50%" />
              </conditions>
            </line>
            <line number="27" hits="0" branch="False" />
            <line number="28" hits="0" branch="False" />
            <line number="30" hits="49" branch="False" />
            <line number="11" hits="1" branch="False" />
          </lines>
        </class>
        <class name="StatsdClient.Bufferize.BufferBuilderHandler" filename="Bufferize/BufferBuilderHandler.cs" line-rate="1" branch-rate="1" complexity="3">
          <methods>
            <method name="Handle" signature="(System.Byte[],System.Int32)" line-rate="1" branch-rate="1" complexity="2">
              <lines>
                <line number="22" hits="1616" branch="False" />
                <line number="23" hits="1616" branch="True" condition-coverage="100% (2/2)">
                  <conditions>
                    <condition number="16" type="jump" coverage="100%" />
                  </conditions>
                </line>
                <line number="24" hits="1572" branch="False" />
                <line number="25" hits="1572" branch="False" />
                <line number="26" hits="1572" branch="False" />
                <line number="28" hits="44" branch="False" />
                <line number="29" hits="44" branch="False" />
                <line number="30" hits="44" branch="False" />
                <line number="31" hits="1616" branch="False" />
              </lines>
            </method>
            <method name=".ctor" signature="(StatsdClient.Telemetry,StatsdClient.Transport.ITransport)" line-rate="1" branch-rate="1" complexity="1">
              <lines>
                <line number="13" hits="45" branch="False" />
                <line number="14" hits="45" branch="False" />
                <line number="15" hits="45" branch="False" />
                <line number="16" hits="45" branch="False" />
                <line number="17" hits="45" branch="False" />
                <line number="18" hits="45" branch="False" />
                <line number="19" hits="45" branch="False" />
              </lines>
            </method>
          </methods>
          <lines>
            <line number="22" hits="1616" branch="False" />
            <line number="23" hits="1616" branch="True" condition-coverage="100% (2/2)">
              <conditions>
                <condition number="16" type="jump" coverage="100%" />
              </conditions>
            </line>
            <line number="24" hits="1572" branch="False" />
            <line number="25" hits="1572" branch="False" />
            <line number="26" hits="1572" branch="False" />
            <line number="28" hits="44" branch="False" />
            <line number="29" hits="44" branch="False" />
            <line number="30" hits="44" branch="False" />
            <line number="31" hits="1616" branch="False" />
            <line number="13" hits="45" branch="False" />
            <line number="14" hits="45" branch="False" />
            <line number="15" hits="45" branch="False" />
            <line number="16" hits="45" branch="False" />
            <line number="17" hits="45" branch="False" />
            <line number="18" hits="45" branch="False" />
            <line number="19" hits="45" branch="False" />
          </lines>
        </class>
        <class name="StatsdClient.Bufferize.StatsBufferize" filename="Bufferize/StatsBufferize.cs" line-rate="0.875" branch-rate="0.5" complexity="4">
          <methods>
            <method name="Send" signature="(StatsdClient.SerializedMetric)" line-rate="0.5714" branch-rate="0.5" complexity="2">
              <lines>
                <line number="32" hits="115212" branch="False" />
                <line number="33" hits="115212" branch="True" condition-coverage="50% (1/2)">
                  <conditions>
                    <condition number="18" type="jump" coverage="50%" />
                  </conditions>
                </line>
                <line number="34" hits="0" branch="False" />
                <line number="35" hits="0" branch="False" />
                <line number="36" hits="0" branch="False" />
                <line number="39" hits="115212" branch="False" />
                <line number="40" hits="115212" branch="False" />
              </lines>
            </method>
            <method name="Dispose" signature="()" line-rate="1" branch-rate="1" complexity="1">
              <lines>
                <line number="43" hits="30" branch="False" />
                <line number="44" hits="30" branch="False" />
                <line number="45" hits="30" branch="False" />
              </lines>
            </method>
            <method name=".ctor" signature="(StatsdClient.Bufferize.BufferBuilder,System.Int32,System.Nullable`1&lt;System.TimeSpan&gt;,System.TimeSpan)" line-rate="1" branch-rate="1" complexity="1">
              <lines>
                <line number="14" hits="30" branch="False" />
                <line number="15" hits="30" branch="False" />
                <line number="16" hits="30" branch="False" />
                <line number="17" hits="30" branch="False" />
                <line number="18" hits="30" branch="False" />
                <line number="19" hits="30" branch="False" />
                <line number="20" hits="30" branch="False" />
                <line number="23" hits="30" branch="False" />
                <line number="24" hits="30" branch="False" />
                <line number="25" hits="30" branch="False" />
                <line number="26" hits="30" branch="False" />
                <line number="27" hits="30" branch="False" />
                <line number="28" hits="30" branch="False" />
                <line number="29" hits="30" branch="False" />
              </lines>
            </method>
          </methods>
          <lines>
            <line number="32" hits="115212" branch="False" />
            <line number="33" hits="115212" branch="True" condition-coverage="50% (1/2)">
              <conditions>
                <condition number="18" type="jump" coverage="50%" />
              </conditions>
            </line>
            <line number="34" hits="0" branch="False" />
            <line number="35" hits="0" branch="False" />
            <line number="36" hits="0" branch="False" />
            <line number="39" hits="115212" branch="False" />
            <line number="40" hits="115212" branch="False" />
            <line number="43" hits="30" branch="False" />
            <line number="44" hits="30" branch="False" />
            <line number="45" hits="30" branch="False" />
            <line number="14" hits="30" branch="False" />
            <line number="15" hits="30" branch="False" />
            <line number="16" hits="30" branch="False" />
            <line number="17" hits="30" branch="False" />
            <line number="18" hits="30" branch="False" />
            <line number="19" hits="30" branch="False" />
            <line number="20" hits="30" branch="False" />
            <line number="23" hits="30" branch="False" />
            <line number="24" hits="30" branch="False" />
            <line number="25" hits="30" branch="False" />
            <line number="26" hits="30" branch="False" />
            <line number="27" hits="30" branch="False" />
            <line number="28" hits="30" branch="False" />
            <line number="29" hits="30" branch="False" />
          </lines>
        </class>
        <class name="StatsdClient.Bufferize.StatsBufferize/WorkerHandler" filename="Bufferize/StatsBufferize.cs" line-rate="0.9285" branch-rate="0.8332999999999999" complexity="8">
          <methods>
            <method name="OnNewValue" signature="(StatsdClient.SerializedMetric)" line-rate="0.7777" branch-rate="0.5" complexity="2">
              <lines>
                <line number="60" hits="115212" branch="False" />
                <line number="61" hits="115212" branch="False" />
                <line number="62" hits="115212" branch="False" />
                <line number="63" hits="115212" branch="True" condition-coverage="50% (1/2)">
                  <conditions>
                    <condition number="21" type="jump" coverage="50%" />
                  </conditions>
                </line>
                <line number="64" hits="0" branch="False" />
                <line number="65" hits="0" branch="False" />
                <line number="68" hits="115212" branch="False" />
                <line number="69" hits="115212" branch="False" />
                <line number="70" hits="115212" branch="False" />
              </lines>
            </method>
            <method name="OnIdle" signature="()" line-rate="1" branch-rate="1" complexity="4">
              <lines>
                <line number="73" hits="869" branch="False" />
                <line number="74" hits="869" branch="True" condition-coverage="100% (2/2)">
                  <conditions>
                    <condition number="12" type="jump" coverage="100%" />
                  </conditions>
                </line>
                <line number="75" hits="143" branch="False" />
                <line number="76" hits="143" branch="False" />
                <line number="77" hits="143" branch="False" />
                <line number="79" hits="869" branch="True" condition-coverage="100% (2/2)">
                  <conditions>
                    <condition number="57" type="jump" coverage="100%" />
                  </conditions>
                </line>
                <line number="80" hits="195" branch="False" />
                <line number="81" hits="195" branch="False" />
                <line number="83" hits="195" branch="False" />
                <line number="86" hits="674" branch="False" />
                <line number="87" hits="869" branch="False" />
              </lines>
            </method>
            <method name="OnShutdown" signature="()" line-rate="1" branch-rate="1" complexity="1">
              <lines>
                <line number="90" hits="30" branch="False" />
                <line number="91" hits="30" branch="False" />
                <line number="92" hits="30" branch="False" />
              </lines>
            </method>
            <method name=".ctor" signature="(StatsdClient.Bufferize.BufferBuilder,System.TimeSpan)" line-rate="1" branch-rate="1" complexity="1">
              <lines>
                <line number="53" hits="30" branch="False" />
                <line number="54" hits="30" branch="False" />
                <line number="55" hits="30" branch="False" />
                <line number="56" hits="30" branch="False" />
                <line number="57" hits="30" branch="False" />
              </lines>
            </method>
          </methods>
          <lines>
            <line number="60" hits="115212" branch="False" />
            <line number="61" hits="115212" branch="False" />
            <line number="62" hits="115212" branch="False" />
            <line number="63" hits="115212" branch="True" condition-coverage="50% (1/2)">
              <conditions>
                <condition number="21" type="jump" coverage="50%" />
              </conditions>
            </line>
            <line number="64" hits="0" branch="False" />
            <line number="65" hits="0" branch="False" />
            <line number="68" hits="115212" branch="False" />
            <line number="69" hits="115212" branch="False" />
            <line number="70" hits="115212" branch="False" />
            <line number="73" hits="869" branch="False" />
            <line number="74" hits="869" branch="True" condition-coverage="100% (2/2)">
              <conditions>
                <condition number="12" type="jump" coverage="100%" />
              </conditions>
            </line>
            <line number="75" hits="143" branch="False" />
            <line number="76" hits="143" branch="False" />
            <line number="77" hits="143" branch="False" />
            <line number="79" hits="869" branch="True" condition-coverage="100% (2/2)">
              <conditions>
                <condition number="57" type="jump" coverage="100%" />
              </conditions>
            </line>
            <line number="80" hits="195" branch="False" />
            <line number="81" hits="195" branch="False" />
            <line number="83" hits="195" branch="False" />
            <line number="86" hits="674" branch="False" />
            <line number="87" hits="869" branch="False" />
            <line number="90" hits="30" branch="False" />
            <line number="91" hits="30" branch="False" />
            <line number="92" hits="30" branch="False" />
            <line number="53" hits="30" branch="False" />
            <line number="54" hits="30" branch="False" />
            <line number="55" hits="30" branch="False" />
            <line number="56" hits="30" branch="False" />
            <line number="57" hits="30" branch="False" />
          </lines>
        </class>
        <class name="StatsdClient.Bufferize.StatsBufferizeFactory" filename="Bufferize/StatsBufferizeFactory.cs" line-rate="1" branch-rate="1" complexity="5">
          <methods>
            <method name="CreateStatsBufferize" signature="(StatsdClient.Bufferize.BufferBuilder,System.Int32,System.Nullable`1&lt;System.TimeSpan&gt;,System.TimeSpan)" line-rate="1" branch-rate="1" complexity="1">
              <lines>
                <line number="15" hits="29" branch="False" />
                <line number="16" hits="29" branch="False" />
                <line number="17" hits="29" branch="False" />
                <line number="18" hits="29" branch="False" />
                <line number="19" hits="29" branch="False" />
                <line number="20" hits="29" branch="False" />
                <line number="21" hits="29" branch="False" />
              </lines>
            </method>
            <method name="CreateUDPTransport" signature="(System.Net.IPEndPoint)" line-rate="1" branch-rate="1" complexity="1">
              <lines>
                <line number="24" hits="22" branch="False" />
                <line number="25" hits="22" branch="False" />
                <line number="26" hits="22" branch="False" />
              </lines>
            </method>
            <method name="CreateUnixDomainSocketTransport" signature="(Mono.Unix.UnixEndPoint,System.Nullable`1&lt;System.TimeSpan&gt;)" line-rate="1" branch-rate="1" complexity="1">
              <lines>
                <line number="31" hits="6" branch="False" />
                <line number="32" hits="6" branch="False" />
                <line number="33" hits="6" branch="False" />
              </lines>
            </method>
            <method name="CreateTelemetry" signature="(System.String,System.TimeSpan,StatsdClient.Transport.ITransport,System.String[])" line-rate="1" branch-rate="1" complexity="1">
              <lines>
                <line number="36" hits="29" branch="False" />
                <line number="37" hits="29" branch="False" />
                <line number="38" hits="29" branch="False" />
              </lines>
            </method>
            <method name="CreateNamedPipeTransport" signature="(System.String)" line-rate="1" branch-rate="1" complexity="1">
              <lines>
                <line number="41" hits="1" branch="False" />
                <line number="43" hits="1" branch="False" />
                <line number="47" hits="1" branch="False" />
              </lines>
            </method>
          </methods>
          <lines>
            <line number="15" hits="29" branch="False" />
            <line number="16" hits="29" branch="False" />
            <line number="17" hits="29" branch="False" />
            <line number="18" hits="29" branch="False" />
            <line number="19" hits="29" branch="False" />
            <line number="20" hits="29" branch="False" />
            <line number="21" hits="29" branch="False" />
            <line number="24" hits="22" branch="False" />
            <line number="25" hits="22" branch="False" />
            <line number="26" hits="22" branch="False" />
            <line number="31" hits="6" branch="False" />
            <line number="32" hits="6" branch="False" />
            <line number="33" hits="6" branch="False" />
            <line number="36" hits="29" branch="False" />
            <line number="37" hits="29" branch="False" />
            <line number="38" hits="29" branch="False" />
            <line number="41" hits="1" branch="False" />
            <line number="43" hits="1" branch="False" />
            <line number="47" hits="1" branch="False" />
          </lines>
        </class>
      </classes>
    </package>
  </packages>
</coverage>